[debug] [2021-07-11T18:38:16.087Z] ----------------------------------------------------------------------
[debug] [2021-07-11T18:38:16.089Z] Command:       /usr/local/bin/node /usr/local/bin/firebase init
[debug] [2021-07-11T18:38:16.089Z] CLI Version:   9.16.0
[debug] [2021-07-11T18:38:16.089Z] Platform:      darwin
[debug] [2021-07-11T18:38:16.089Z] Node Version:  v14.16.0
[debug] [2021-07-11T18:38:16.091Z] Time:          Sun Jul 11 2021 14:38:16 GMT-0400 (Eastern Daylight Time)
[debug] [2021-07-11T18:38:16.091Z] ----------------------------------------------------------------------
[debug] 
[debug] [2021-07-11T18:38:16.095Z] > command requires scopes: ["email","openid","https://www.googleapis.com/auth/cloudplatformprojects.readonly","https://www.googleapis.com/auth/firebase","https://www.googleapis.com/auth/cloud-platform"]
[debug] [2021-07-11T18:38:16.096Z] > authorizing via signed-in user (sebastianwebp@gmail.com)
[info] 
     ######## #### ########  ######## ########     ###     ######  ########
     ##        ##  ##     ## ##       ##     ##  ##   ##  ##       ##
     ######    ##  ########  ######   ########  #########  ######  ######
     ##        ##  ##    ##  ##       ##     ## ##     ##       ## ##
     ##       #### ##     ## ######## ########  ##     ##  ######  ########

You're about to initialize a Firebase project in this directory:

  /Users/sebastian/Desktop/amazon-clone/clone

[info] 
=== Project Setup
[info] 
[info] First, let's associate this project directory with a Firebase project.
[info] You can create multiple project aliases by running firebase use --add, 
[info] but for now we'll just set up a default project.
[info] 
[debug] [2021-07-11T18:39:16.910Z] > refreshing access token with scopes: []
[debug] [2021-07-11T18:39:16.910Z] >>> HTTP REQUEST POST https://www.googleapis.com/oauth2/v3/token  
 <request body omitted>
[debug] [2021-07-11T18:39:17.234Z] <<< HTTP RESPONSE 200 {"date":"Sun, 11 Jul 2021 18:39:19 GMT","expires":"Mon, 01 Jan 1990 00:00:00 GMT","cache-control":"no-cache, no-store, max-age=0, must-revalidate","pragma":"no-cache","content-type":"application/json; charset=utf-8","vary":"X-Origin, Referer, Origin,Accept-Encoding","server":"scaffolding on HTTPServer2","x-xss-protection":"0","x-frame-options":"SAMEORIGIN","x-content-type-options":"nosniff","alt-svc":"h3=\":443\"; ma=2592000,h3-29=\":443\"; ma=2592000,h3-T051=\":443\"; ma=2592000,h3-Q050=\":443\"; ma=2592000,h3-Q046=\":443\"; ma=2592000,h3-Q043=\":443\"; ma=2592000,quic=\":443\"; ma=2592000; v=\"46,43\"","accept-ranges":"none","transfer-encoding":"chunked"}
[debug] [2021-07-11T18:39:17.253Z] >>> [apiv2][query] GET https://firebase.googleapis.com/v1beta1/projects pageSize=100
[debug] [2021-07-11T18:39:17.638Z] <<< [apiv2][status] GET https://firebase.googleapis.com/v1beta1/projects 200
[debug] [2021-07-11T18:39:17.638Z] <<< [apiv2][body] GET https://firebase.googleapis.com/v1beta1/projects [omitted]
